<?xml version="1.0" encoding="UTF-8"?>
<testsuite xmlns:xsi="http://www.w3.org/2001/XMLSchema-instance" xsi:noNamespaceSchemaLocation="https://maven.apache.org/surefire/maven-surefire-plugin/xsd/surefire-test-report.xsd" name="com.univille.luiza.LocadoraApplicationTests" time="16.975" tests="1" errors="0" skipped="0" failures="0">
  <properties>
    <property name="sun.desktop" value="windows"/>
    <property name="awt.toolkit" value="sun.awt.windows.WToolkit"/>
    <property name="java.specification.version" value="11"/>
    <property name="sun.cpu.isalist" value="amd64"/>
    <property name="sun.jnu.encoding" value="Cp1252"/>
    <property name="java.class.path" value="C:\Users\luiza.liebl\Downloads\Locadora-20190729T215505Z-001\Locadora\target\test-classes;C:\Users\luiza.liebl\Downloads\Locadora-20190729T215505Z-001\Locadora\target\classes;C:\mavenuniville\apache-maven-3.6.1\repo\org\springframework\boot\spring-boot-starter-data-jpa\2.1.4.RELEASE\spring-boot-starter-data-jpa-2.1.4.RELEASE.jar;C:\mavenuniville\apache-maven-3.6.1\repo\org\springframework\boot\spring-boot-starter-aop\2.1.4.RELEASE\spring-boot-starter-aop-2.1.4.RELEASE.jar;C:\mavenuniville\apache-maven-3.6.1\repo\org\springframework\spring-aop\5.1.6.RELEASE\spring-aop-5.1.6.RELEASE.jar;C:\mavenuniville\apache-maven-3.6.1\repo\org\aspectj\aspectjweaver\1.9.2\aspectjweaver-1.9.2.jar;C:\mavenuniville\apache-maven-3.6.1\repo\org\springframework\boot\spring-boot-starter-jdbc\2.1.4.RELEASE\spring-boot-starter-jdbc-2.1.4.RELEASE.jar;C:\mavenuniville\apache-maven-3.6.1\repo\com\zaxxer\HikariCP\3.2.0\HikariCP-3.2.0.jar;C:\mavenuniville\apache-maven-3.6.1\repo\org\springframework\spring-jdbc\5.1.6.RELEASE\spring-jdbc-5.1.6.RELEASE.jar;C:\mavenuniville\apache-maven-3.6.1\repo\javax\transaction\javax.transaction-api\1.3\javax.transaction-api-1.3.jar;C:\mavenuniville\apache-maven-3.6.1\repo\javax\xml\bind\jaxb-api\2.3.1\jaxb-api-2.3.1.jar;C:\mavenuniville\apache-maven-3.6.1\repo\javax\activation\javax.activation-api\1.2.0\javax.activation-api-1.2.0.jar;C:\mavenuniville\apache-maven-3.6.1\repo\org\hibernate\hibernate-core\5.3.9.Final\hibernate-core-5.3.9.Final.jar;C:\mavenuniville\apache-maven-3.6.1\repo\org\jboss\logging\jboss-logging\3.3.2.Final\jboss-logging-3.3.2.Final.jar;C:\mavenuniville\apache-maven-3.6.1\repo\javax\persistence\javax.persistence-api\2.2\javax.persistence-api-2.2.jar;C:\mavenuniville\apache-maven-3.6.1\repo\org\javassist\javassist\3.23.1-GA\javassist-3.23.1-GA.jar;C:\mavenuniville\apache-maven-3.6.1\repo\net\bytebuddy\byte-buddy\1.9.12\byte-buddy-1.9.12.jar;C:\mavenuniville\apache-maven-3.6.1\repo\antlr\antlr\2.7.7\antlr-2.7.7.jar;C:\mavenuniville\apache-maven-3.6.1\repo\org\jboss\jandex\2.0.5.Final\jandex-2.0.5.Final.jar;C:\mavenuniville\apache-maven-3.6.1\repo\org\dom4j\dom4j\2.1.1\dom4j-2.1.1.jar;C:\mavenuniville\apache-maven-3.6.1\repo\org\hibernate\common\hibernate-commons-annotations\5.0.4.Final\hibernate-commons-annotations-5.0.4.Final.jar;C:\mavenuniville\apache-maven-3.6.1\repo\org\springframework\data\spring-data-jpa\2.1.6.RELEASE\spring-data-jpa-2.1.6.RELEASE.jar;C:\mavenuniville\apache-maven-3.6.1\repo\org\springframework\data\spring-data-commons\2.1.6.RELEASE\spring-data-commons-2.1.6.RELEASE.jar;C:\mavenuniville\apache-maven-3.6.1\repo\org\springframework\spring-orm\5.1.6.RELEASE\spring-orm-5.1.6.RELEASE.jar;C:\mavenuniville\apache-maven-3.6.1\repo\org\springframework\spring-context\5.1.6.RELEASE\spring-context-5.1.6.RELEASE.jar;C:\mavenuniville\apache-maven-3.6.1\repo\org\springframework\spring-tx\5.1.6.RELEASE\spring-tx-5.1.6.RELEASE.jar;C:\mavenuniville\apache-maven-3.6.1\repo\org\springframework\spring-beans\5.1.6.RELEASE\spring-beans-5.1.6.RELEASE.jar;C:\mavenuniville\apache-maven-3.6.1\repo\org\springframework\spring-aspects\5.1.6.RELEASE\spring-aspects-5.1.6.RELEASE.jar;C:\mavenuniville\apache-maven-3.6.1\repo\org\springframework\boot\spring-boot-starter-data-rest\2.1.4.RELEASE\spring-boot-starter-data-rest-2.1.4.RELEASE.jar;C:\mavenuniville\apache-maven-3.6.1\repo\org\springframework\data\spring-data-rest-webmvc\3.1.6.RELEASE\spring-data-rest-webmvc-3.1.6.RELEASE.jar;C:\mavenuniville\apache-maven-3.6.1\repo\org\springframework\data\spring-data-rest-core\3.1.6.RELEASE\spring-data-rest-core-3.1.6.RELEASE.jar;C:\mavenuniville\apache-maven-3.6.1\repo\org\springframework\hateoas\spring-hateoas\0.25.1.RELEASE\spring-hateoas-0.25.1.RELEASE.jar;C:\mavenuniville\apache-maven-3.6.1\repo\org\atteo\evo-inflector\1.2.2\evo-inflector-1.2.2.jar;C:\mavenuniville\apache-maven-3.6.1\repo\com\fasterxml\jackson\core\jackson-databind\2.9.8\jackson-databind-2.9.8.jar;C:\mavenuniville\apache-maven-3.6.1\repo\com\fasterxml\jackson\core\jackson-core\2.9.8\jackson-core-2.9.8.jar;C:\mavenuniville\apache-maven-3.6.1\repo\com\fasterxml\jackson\core\jackson-annotations\2.9.0\jackson-annotations-2.9.0.jar;C:\mavenuniville\apache-maven-3.6.1\repo\org\springframework\boot\spring-boot-starter-thymeleaf\2.1.4.RELEASE\spring-boot-starter-thymeleaf-2.1.4.RELEASE.jar;C:\mavenuniville\apache-maven-3.6.1\repo\org\springframework\boot\spring-boot-starter\2.1.4.RELEASE\spring-boot-starter-2.1.4.RELEASE.jar;C:\mavenuniville\apache-maven-3.6.1\repo\org\springframework\boot\spring-boot-starter-logging\2.1.4.RELEASE\spring-boot-starter-logging-2.1.4.RELEASE.jar;C:\mavenuniville\apache-maven-3.6.1\repo\ch\qos\logback\logback-classic\1.2.3\logback-classic-1.2.3.jar;C:\mavenuniville\apache-maven-3.6.1\repo\ch\qos\logback\logback-core\1.2.3\logback-core-1.2.3.jar;C:\mavenuniville\apache-maven-3.6.1\repo\org\apache\logging\log4j\log4j-to-slf4j\2.11.2\log4j-to-slf4j-2.11.2.jar;C:\mavenuniville\apache-maven-3.6.1\repo\org\apache\logging\log4j\log4j-api\2.11.2\log4j-api-2.11.2.jar;C:\mavenuniville\apache-maven-3.6.1\repo\org\slf4j\jul-to-slf4j\1.7.26\jul-to-slf4j-1.7.26.jar;C:\mavenuniville\apache-maven-3.6.1\repo\javax\annotation\javax.annotation-api\1.3.2\javax.annotation-api-1.3.2.jar;C:\mavenuniville\apache-maven-3.6.1\repo\org\yaml\snakeyaml\1.23\snakeyaml-1.23.jar;C:\mavenuniville\apache-maven-3.6.1\repo\org\thymeleaf\thymeleaf-spring5\3.0.11.RELEASE\thymeleaf-spring5-3.0.11.RELEASE.jar;C:\mavenuniville\apache-maven-3.6.1\repo\org\thymeleaf\thymeleaf\3.0.11.RELEASE\thymeleaf-3.0.11.RELEASE.jar;C:\mavenuniville\apache-maven-3.6.1\repo\org\attoparser\attoparser\2.0.5.RELEASE\attoparser-2.0.5.RELEASE.jar;C:\mavenuniville\apache-maven-3.6.1\repo\org\unbescape\unbescape\1.1.6.RELEASE\unbescape-1.1.6.RELEASE.jar;C:\mavenuniville\apache-maven-3.6.1\repo\org\thymeleaf\extras\thymeleaf-extras-java8time\3.0.4.RELEASE\thymeleaf-extras-java8time-3.0.4.RELEASE.jar;C:\mavenuniville\apache-maven-3.6.1\repo\org\springframework\boot\spring-boot-starter-web\2.1.4.RELEASE\spring-boot-starter-web-2.1.4.RELEASE.jar;C:\mavenuniville\apache-maven-3.6.1\repo\org\springframework\boot\spring-boot-starter-json\2.1.4.RELEASE\spring-boot-starter-json-2.1.4.RELEASE.jar;C:\mavenuniville\apache-maven-3.6.1\repo\com\fasterxml\jackson\datatype\jackson-datatype-jdk8\2.9.8\jackson-datatype-jdk8-2.9.8.jar;C:\mavenuniville\apache-maven-3.6.1\repo\com\fasterxml\jackson\datatype\jackson-datatype-jsr310\2.9.8\jackson-datatype-jsr310-2.9.8.jar;C:\mavenuniville\apache-maven-3.6.1\repo\com\fasterxml\jackson\module\jackson-module-parameter-names\2.9.8\jackson-module-parameter-names-2.9.8.jar;C:\mavenuniville\apache-maven-3.6.1\repo\org\springframework\boot\spring-boot-starter-tomcat\2.1.4.RELEASE\spring-boot-starter-tomcat-2.1.4.RELEASE.jar;C:\mavenuniville\apache-maven-3.6.1\repo\org\apache\tomcat\embed\tomcat-embed-core\9.0.17\tomcat-embed-core-9.0.17.jar;C:\mavenuniville\apache-maven-3.6.1\repo\org\apache\tomcat\embed\tomcat-embed-el\9.0.17\tomcat-embed-el-9.0.17.jar;C:\mavenuniville\apache-maven-3.6.1\repo\org\apache\tomcat\embed\tomcat-embed-websocket\9.0.17\tomcat-embed-websocket-9.0.17.jar;C:\mavenuniville\apache-maven-3.6.1\repo\org\hibernate\validator\hibernate-validator\6.0.16.Final\hibernate-validator-6.0.16.Final.jar;C:\mavenuniville\apache-maven-3.6.1\repo\javax\validation\validation-api\2.0.1.Final\validation-api-2.0.1.Final.jar;C:\mavenuniville\apache-maven-3.6.1\repo\org\springframework\spring-web\5.1.6.RELEASE\spring-web-5.1.6.RELEASE.jar;C:\mavenuniville\apache-maven-3.6.1\repo\org\springframework\spring-webmvc\5.1.6.RELEASE\spring-webmvc-5.1.6.RELEASE.jar;C:\mavenuniville\apache-maven-3.6.1\repo\org\springframework\spring-expression\5.1.6.RELEASE\spring-expression-5.1.6.RELEASE.jar;C:\mavenuniville\apache-maven-3.6.1\repo\org\springframework\boot\spring-boot-devtools\2.1.4.RELEASE\spring-boot-devtools-2.1.4.RELEASE.jar;C:\mavenuniville\apache-maven-3.6.1\repo\org\springframework\boot\spring-boot\2.1.4.RELEASE\spring-boot-2.1.4.RELEASE.jar;C:\mavenuniville\apache-maven-3.6.1\repo\org\springframework\boot\spring-boot-autoconfigure\2.1.4.RELEASE\spring-boot-autoconfigure-2.1.4.RELEASE.jar;C:\mavenuniville\apache-maven-3.6.1\repo\com\microsoft\sqlserver\mssql-jdbc\6.4.0.jre8\mssql-jdbc-6.4.0.jre8.jar;C:\mavenuniville\apache-maven-3.6.1\repo\org\springframework\boot\spring-boot-starter-test\2.1.4.RELEASE\spring-boot-starter-test-2.1.4.RELEASE.jar;C:\mavenuniville\apache-maven-3.6.1\repo\org\springframework\boot\spring-boot-test\2.1.4.RELEASE\spring-boot-test-2.1.4.RELEASE.jar;C:\mavenuniville\apache-maven-3.6.1\repo\org\springframework\boot\spring-boot-test-autoconfigure\2.1.4.RELEASE\spring-boot-test-autoconfigure-2.1.4.RELEASE.jar;C:\mavenuniville\apache-maven-3.6.1\repo\com\jayway\jsonpath\json-path\2.4.0\json-path-2.4.0.jar;C:\mavenuniville\apache-maven-3.6.1\repo\net\minidev\json-smart\2.3\json-smart-2.3.jar;C:\mavenuniville\apache-maven-3.6.1\repo\net\minidev\accessors-smart\1.2\accessors-smart-1.2.jar;C:\mavenuniville\apache-maven-3.6.1\repo\org\ow2\asm\asm\5.0.4\asm-5.0.4.jar;C:\mavenuniville\apache-maven-3.6.1\repo\junit\junit\4.12\junit-4.12.jar;C:\mavenuniville\apache-maven-3.6.1\repo\org\assertj\assertj-core\3.11.1\assertj-core-3.11.1.jar;C:\mavenuniville\apache-maven-3.6.1\repo\org\mockito\mockito-core\2.23.4\mockito-core-2.23.4.jar;C:\mavenuniville\apache-maven-3.6.1\repo\net\bytebuddy\byte-buddy-agent\1.9.12\byte-buddy-agent-1.9.12.jar;C:\mavenuniville\apache-maven-3.6.1\repo\org\objenesis\objenesis\2.6\objenesis-2.6.jar;C:\mavenuniville\apache-maven-3.6.1\repo\org\hamcrest\hamcrest-core\1.3\hamcrest-core-1.3.jar;C:\mavenuniville\apache-maven-3.6.1\repo\org\hamcrest\hamcrest-library\1.3\hamcrest-library-1.3.jar;C:\mavenuniville\apache-maven-3.6.1\repo\org\skyscreamer\jsonassert\1.5.0\jsonassert-1.5.0.jar;C:\mavenuniville\apache-maven-3.6.1\repo\com\vaadin\external\google\android-json\0.0.20131108.vaadin1\android-json-0.0.20131108.vaadin1.jar;C:\mavenuniville\apache-maven-3.6.1\repo\org\springframework\spring-core\5.1.6.RELEASE\spring-core-5.1.6.RELEASE.jar;C:\mavenuniville\apache-maven-3.6.1\repo\org\springframework\spring-jcl\5.1.6.RELEASE\spring-jcl-5.1.6.RELEASE.jar;C:\mavenuniville\apache-maven-3.6.1\repo\org\springframework\spring-test\5.1.6.RELEASE\spring-test-5.1.6.RELEASE.jar;C:\mavenuniville\apache-maven-3.6.1\repo\org\xmlunit\xmlunit-core\2.6.2\xmlunit-core-2.6.2.jar;C:\mavenuniville\apache-maven-3.6.1\repo\org\webjars\bootstrap\4.0.0\bootstrap-4.0.0.jar;C:\mavenuniville\apache-maven-3.6.1\repo\org\webjars\npm\popper.js\1.11.1\popper.js-1.11.1.jar;C:\mavenuniville\apache-maven-3.6.1\repo\org\webjars\jquery\3.0.0\jquery-3.0.0.jar;C:\mavenuniville\apache-maven-3.6.1\repo\org\webjars\bower\bootbox.js\4.4.0\bootbox.js-4.4.0.jar;C:\mavenuniville\apache-maven-3.6.1\repo\org\webjars\bower\bootstrap\4.3.1\bootstrap-4.3.1.jar;C:\mavenuniville\apache-maven-3.6.1\repo\org\webjars\font-awesome\5.9.0\font-awesome-5.9.0.jar;C:\mavenuniville\apache-maven-3.6.1\repo\org\webjars\momentjs\2.24.0\momentjs-2.24.0.jar;C:\mavenuniville\apache-maven-3.6.1\repo\org\webjars\jquery-maskedinput\1.3.1\jquery-maskedinput-1.3.1.jar;C:\mavenuniville\apache-maven-3.6.1\repo\io\springfox\springfox-swagger2\2.9.2\springfox-swagger2-2.9.2.jar;C:\mavenuniville\apache-maven-3.6.1\repo\io\swagger\swagger-annotations\1.5.20\swagger-annotations-1.5.20.jar;C:\mavenuniville\apache-maven-3.6.1\repo\io\swagger\swagger-models\1.5.20\swagger-models-1.5.20.jar;C:\mavenuniville\apache-maven-3.6.1\repo\io\springfox\springfox-spi\2.9.2\springfox-spi-2.9.2.jar;C:\mavenuniville\apache-maven-3.6.1\repo\io\springfox\springfox-schema\2.9.2\springfox-schema-2.9.2.jar;C:\mavenuniville\apache-maven-3.6.1\repo\io\springfox\springfox-core\2.9.2\springfox-core-2.9.2.jar;C:\mavenuniville\apache-maven-3.6.1\repo\io\springfox\springfox-swagger-common\2.9.2\springfox-swagger-common-2.9.2.jar;C:\mavenuniville\apache-maven-3.6.1\repo\io\springfox\springfox-spring-web\2.9.2\springfox-spring-web-2.9.2.jar;C:\mavenuniville\apache-maven-3.6.1\repo\com\google\guava\guava\20.0\guava-20.0.jar;C:\mavenuniville\apache-maven-3.6.1\repo\com\fasterxml\classmate\1.4.0\classmate-1.4.0.jar;C:\mavenuniville\apache-maven-3.6.1\repo\org\slf4j\slf4j-api\1.7.26\slf4j-api-1.7.26.jar;C:\mavenuniville\apache-maven-3.6.1\repo\org\springframework\plugin\spring-plugin-core\1.2.0.RELEASE\spring-plugin-core-1.2.0.RELEASE.jar;C:\mavenuniville\apache-maven-3.6.1\repo\org\springframework\plugin\spring-plugin-metadata\1.2.0.RELEASE\spring-plugin-metadata-1.2.0.RELEASE.jar;C:\mavenuniville\apache-maven-3.6.1\repo\org\mapstruct\mapstruct\1.2.0.Final\mapstruct-1.2.0.Final.jar;C:\mavenuniville\apache-maven-3.6.1\repo\io\springfox\springfox-swagger-ui\2.9.2\springfox-swagger-ui-2.9.2.jar;"/>
    <property name="java.vm.vendor" value="Oracle Corporation"/>
    <property name="sun.arch.data.model" value="64"/>
    <property name="user.variant" value=""/>
    <property name="java.vendor.url" value="http://java.oracle.com/"/>
    <property name="user.timezone" value="America/Sao_Paulo"/>
    <property name="java.vm.specification.version" value="11"/>
    <property name="os.name" value="Windows 10"/>
    <property name="sun.java.launcher" value="SUN_STANDARD"/>
    <property name="user.country" value="BR"/>
    <property name="sun.boot.library.path" value="C:\dev\jdk-11.0.2\bin"/>
    <property name="sun.java.command" value="C:\Users\LUIZA~1.LIE\AppData\Local\Temp\surefire9381388908708464597\surefirebooter13347436518040996310.jar C:\Users\luiza.liebl\AppData\Local\Temp\surefire9381388908708464597 2019-10-24T21-53-58_811-jvmRun1 surefire5610304276309432673tmp surefire_014517056483442987399tmp"/>
    <property name="jdk.debug" value="release"/>
    <property name="surefire.test.class.path" value="C:\Users\luiza.liebl\Downloads\Locadora-20190729T215505Z-001\Locadora\target\test-classes;C:\Users\luiza.liebl\Downloads\Locadora-20190729T215505Z-001\Locadora\target\classes;C:\mavenuniville\apache-maven-3.6.1\repo\org\springframework\boot\spring-boot-starter-data-jpa\2.1.4.RELEASE\spring-boot-starter-data-jpa-2.1.4.RELEASE.jar;C:\mavenuniville\apache-maven-3.6.1\repo\org\springframework\boot\spring-boot-starter-aop\2.1.4.RELEASE\spring-boot-starter-aop-2.1.4.RELEASE.jar;C:\mavenuniville\apache-maven-3.6.1\repo\org\springframework\spring-aop\5.1.6.RELEASE\spring-aop-5.1.6.RELEASE.jar;C:\mavenuniville\apache-maven-3.6.1\repo\org\aspectj\aspectjweaver\1.9.2\aspectjweaver-1.9.2.jar;C:\mavenuniville\apache-maven-3.6.1\repo\org\springframework\boot\spring-boot-starter-jdbc\2.1.4.RELEASE\spring-boot-starter-jdbc-2.1.4.RELEASE.jar;C:\mavenuniville\apache-maven-3.6.1\repo\com\zaxxer\HikariCP\3.2.0\HikariCP-3.2.0.jar;C:\mavenuniville\apache-maven-3.6.1\repo\org\springframework\spring-jdbc\5.1.6.RELEASE\spring-jdbc-5.1.6.RELEASE.jar;C:\mavenuniville\apache-maven-3.6.1\repo\javax\transaction\javax.transaction-api\1.3\javax.transaction-api-1.3.jar;C:\mavenuniville\apache-maven-3.6.1\repo\javax\xml\bind\jaxb-api\2.3.1\jaxb-api-2.3.1.jar;C:\mavenuniville\apache-maven-3.6.1\repo\javax\activation\javax.activation-api\1.2.0\javax.activation-api-1.2.0.jar;C:\mavenuniville\apache-maven-3.6.1\repo\org\hibernate\hibernate-core\5.3.9.Final\hibernate-core-5.3.9.Final.jar;C:\mavenuniville\apache-maven-3.6.1\repo\org\jboss\logging\jboss-logging\3.3.2.Final\jboss-logging-3.3.2.Final.jar;C:\mavenuniville\apache-maven-3.6.1\repo\javax\persistence\javax.persistence-api\2.2\javax.persistence-api-2.2.jar;C:\mavenuniville\apache-maven-3.6.1\repo\org\javassist\javassist\3.23.1-GA\javassist-3.23.1-GA.jar;C:\mavenuniville\apache-maven-3.6.1\repo\net\bytebuddy\byte-buddy\1.9.12\byte-buddy-1.9.12.jar;C:\mavenuniville\apache-maven-3.6.1\repo\antlr\antlr\2.7.7\antlr-2.7.7.jar;C:\mavenuniville\apache-maven-3.6.1\repo\org\jboss\jandex\2.0.5.Final\jandex-2.0.5.Final.jar;C:\mavenuniville\apache-maven-3.6.1\repo\org\dom4j\dom4j\2.1.1\dom4j-2.1.1.jar;C:\mavenuniville\apache-maven-3.6.1\repo\org\hibernate\common\hibernate-commons-annotations\5.0.4.Final\hibernate-commons-annotations-5.0.4.Final.jar;C:\mavenuniville\apache-maven-3.6.1\repo\org\springframework\data\spring-data-jpa\2.1.6.RELEASE\spring-data-jpa-2.1.6.RELEASE.jar;C:\mavenuniville\apache-maven-3.6.1\repo\org\springframework\data\spring-data-commons\2.1.6.RELEASE\spring-data-commons-2.1.6.RELEASE.jar;C:\mavenuniville\apache-maven-3.6.1\repo\org\springframework\spring-orm\5.1.6.RELEASE\spring-orm-5.1.6.RELEASE.jar;C:\mavenuniville\apache-maven-3.6.1\repo\org\springframework\spring-context\5.1.6.RELEASE\spring-context-5.1.6.RELEASE.jar;C:\mavenuniville\apache-maven-3.6.1\repo\org\springframework\spring-tx\5.1.6.RELEASE\spring-tx-5.1.6.RELEASE.jar;C:\mavenuniville\apache-maven-3.6.1\repo\org\springframework\spring-beans\5.1.6.RELEASE\spring-beans-5.1.6.RELEASE.jar;C:\mavenuniville\apache-maven-3.6.1\repo\org\springframework\spring-aspects\5.1.6.RELEASE\spring-aspects-5.1.6.RELEASE.jar;C:\mavenuniville\apache-maven-3.6.1\repo\org\springframework\boot\spring-boot-starter-data-rest\2.1.4.RELEASE\spring-boot-starter-data-rest-2.1.4.RELEASE.jar;C:\mavenuniville\apache-maven-3.6.1\repo\org\springframework\data\spring-data-rest-webmvc\3.1.6.RELEASE\spring-data-rest-webmvc-3.1.6.RELEASE.jar;C:\mavenuniville\apache-maven-3.6.1\repo\org\springframework\data\spring-data-rest-core\3.1.6.RELEASE\spring-data-rest-core-3.1.6.RELEASE.jar;C:\mavenuniville\apache-maven-3.6.1\repo\org\springframework\hateoas\spring-hateoas\0.25.1.RELEASE\spring-hateoas-0.25.1.RELEASE.jar;C:\mavenuniville\apache-maven-3.6.1\repo\org\atteo\evo-inflector\1.2.2\evo-inflector-1.2.2.jar;C:\mavenuniville\apache-maven-3.6.1\repo\com\fasterxml\jackson\core\jackson-databind\2.9.8\jackson-databind-2.9.8.jar;C:\mavenuniville\apache-maven-3.6.1\repo\com\fasterxml\jackson\core\jackson-core\2.9.8\jackson-core-2.9.8.jar;C:\mavenuniville\apache-maven-3.6.1\repo\com\fasterxml\jackson\core\jackson-annotations\2.9.0\jackson-annotations-2.9.0.jar;C:\mavenuniville\apache-maven-3.6.1\repo\org\springframework\boot\spring-boot-starter-thymeleaf\2.1.4.RELEASE\spring-boot-starter-thymeleaf-2.1.4.RELEASE.jar;C:\mavenuniville\apache-maven-3.6.1\repo\org\springframework\boot\spring-boot-starter\2.1.4.RELEASE\spring-boot-starter-2.1.4.RELEASE.jar;C:\mavenuniville\apache-maven-3.6.1\repo\org\springframework\boot\spring-boot-starter-logging\2.1.4.RELEASE\spring-boot-starter-logging-2.1.4.RELEASE.jar;C:\mavenuniville\apache-maven-3.6.1\repo\ch\qos\logback\logback-classic\1.2.3\logback-classic-1.2.3.jar;C:\mavenuniville\apache-maven-3.6.1\repo\ch\qos\logback\logback-core\1.2.3\logback-core-1.2.3.jar;C:\mavenuniville\apache-maven-3.6.1\repo\org\apache\logging\log4j\log4j-to-slf4j\2.11.2\log4j-to-slf4j-2.11.2.jar;C:\mavenuniville\apache-maven-3.6.1\repo\org\apache\logging\log4j\log4j-api\2.11.2\log4j-api-2.11.2.jar;C:\mavenuniville\apache-maven-3.6.1\repo\org\slf4j\jul-to-slf4j\1.7.26\jul-to-slf4j-1.7.26.jar;C:\mavenuniville\apache-maven-3.6.1\repo\javax\annotation\javax.annotation-api\1.3.2\javax.annotation-api-1.3.2.jar;C:\mavenuniville\apache-maven-3.6.1\repo\org\yaml\snakeyaml\1.23\snakeyaml-1.23.jar;C:\mavenuniville\apache-maven-3.6.1\repo\org\thymeleaf\thymeleaf-spring5\3.0.11.RELEASE\thymeleaf-spring5-3.0.11.RELEASE.jar;C:\mavenuniville\apache-maven-3.6.1\repo\org\thymeleaf\thymeleaf\3.0.11.RELEASE\thymeleaf-3.0.11.RELEASE.jar;C:\mavenuniville\apache-maven-3.6.1\repo\org\attoparser\attoparser\2.0.5.RELEASE\attoparser-2.0.5.RELEASE.jar;C:\mavenuniville\apache-maven-3.6.1\repo\org\unbescape\unbescape\1.1.6.RELEASE\unbescape-1.1.6.RELEASE.jar;C:\mavenuniville\apache-maven-3.6.1\repo\org\thymeleaf\extras\thymeleaf-extras-java8time\3.0.4.RELEASE\thymeleaf-extras-java8time-3.0.4.RELEASE.jar;C:\mavenuniville\apache-maven-3.6.1\repo\org\springframework\boot\spring-boot-starter-web\2.1.4.RELEASE\spring-boot-starter-web-2.1.4.RELEASE.jar;C:\mavenuniville\apache-maven-3.6.1\repo\org\springframework\boot\spring-boot-starter-json\2.1.4.RELEASE\spring-boot-starter-json-2.1.4.RELEASE.jar;C:\mavenuniville\apache-maven-3.6.1\repo\com\fasterxml\jackson\datatype\jackson-datatype-jdk8\2.9.8\jackson-datatype-jdk8-2.9.8.jar;C:\mavenuniville\apache-maven-3.6.1\repo\com\fasterxml\jackson\datatype\jackson-datatype-jsr310\2.9.8\jackson-datatype-jsr310-2.9.8.jar;C:\mavenuniville\apache-maven-3.6.1\repo\com\fasterxml\jackson\module\jackson-module-parameter-names\2.9.8\jackson-module-parameter-names-2.9.8.jar;C:\mavenuniville\apache-maven-3.6.1\repo\org\springframework\boot\spring-boot-starter-tomcat\2.1.4.RELEASE\spring-boot-starter-tomcat-2.1.4.RELEASE.jar;C:\mavenuniville\apache-maven-3.6.1\repo\org\apache\tomcat\embed\tomcat-embed-core\9.0.17\tomcat-embed-core-9.0.17.jar;C:\mavenuniville\apache-maven-3.6.1\repo\org\apache\tomcat\embed\tomcat-embed-el\9.0.17\tomcat-embed-el-9.0.17.jar;C:\mavenuniville\apache-maven-3.6.1\repo\org\apache\tomcat\embed\tomcat-embed-websocket\9.0.17\tomcat-embed-websocket-9.0.17.jar;C:\mavenuniville\apache-maven-3.6.1\repo\org\hibernate\validator\hibernate-validator\6.0.16.Final\hibernate-validator-6.0.16.Final.jar;C:\mavenuniville\apache-maven-3.6.1\repo\javax\validation\validation-api\2.0.1.Final\validation-api-2.0.1.Final.jar;C:\mavenuniville\apache-maven-3.6.1\repo\org\springframework\spring-web\5.1.6.RELEASE\spring-web-5.1.6.RELEASE.jar;C:\mavenuniville\apache-maven-3.6.1\repo\org\springframework\spring-webmvc\5.1.6.RELEASE\spring-webmvc-5.1.6.RELEASE.jar;C:\mavenuniville\apache-maven-3.6.1\repo\org\springframework\spring-expression\5.1.6.RELEASE\spring-expression-5.1.6.RELEASE.jar;C:\mavenuniville\apache-maven-3.6.1\repo\org\springframework\boot\spring-boot-devtools\2.1.4.RELEASE\spring-boot-devtools-2.1.4.RELEASE.jar;C:\mavenuniville\apache-maven-3.6.1\repo\org\springframework\boot\spring-boot\2.1.4.RELEASE\spring-boot-2.1.4.RELEASE.jar;C:\mavenuniville\apache-maven-3.6.1\repo\org\springframework\boot\spring-boot-autoconfigure\2.1.4.RELEASE\spring-boot-autoconfigure-2.1.4.RELEASE.jar;C:\mavenuniville\apache-maven-3.6.1\repo\com\microsoft\sqlserver\mssql-jdbc\6.4.0.jre8\mssql-jdbc-6.4.0.jre8.jar;C:\mavenuniville\apache-maven-3.6.1\repo\org\springframework\boot\spring-boot-starter-test\2.1.4.RELEASE\spring-boot-starter-test-2.1.4.RELEASE.jar;C:\mavenuniville\apache-maven-3.6.1\repo\org\springframework\boot\spring-boot-test\2.1.4.RELEASE\spring-boot-test-2.1.4.RELEASE.jar;C:\mavenuniville\apache-maven-3.6.1\repo\org\springframework\boot\spring-boot-test-autoconfigure\2.1.4.RELEASE\spring-boot-test-autoconfigure-2.1.4.RELEASE.jar;C:\mavenuniville\apache-maven-3.6.1\repo\com\jayway\jsonpath\json-path\2.4.0\json-path-2.4.0.jar;C:\mavenuniville\apache-maven-3.6.1\repo\net\minidev\json-smart\2.3\json-smart-2.3.jar;C:\mavenuniville\apache-maven-3.6.1\repo\net\minidev\accessors-smart\1.2\accessors-smart-1.2.jar;C:\mavenuniville\apache-maven-3.6.1\repo\org\ow2\asm\asm\5.0.4\asm-5.0.4.jar;C:\mavenuniville\apache-maven-3.6.1\repo\junit\junit\4.12\junit-4.12.jar;C:\mavenuniville\apache-maven-3.6.1\repo\org\assertj\assertj-core\3.11.1\assertj-core-3.11.1.jar;C:\mavenuniville\apache-maven-3.6.1\repo\org\mockito\mockito-core\2.23.4\mockito-core-2.23.4.jar;C:\mavenuniville\apache-maven-3.6.1\repo\net\bytebuddy\byte-buddy-agent\1.9.12\byte-buddy-agent-1.9.12.jar;C:\mavenuniville\apache-maven-3.6.1\repo\org\objenesis\objenesis\2.6\objenesis-2.6.jar;C:\mavenuniville\apache-maven-3.6.1\repo\org\hamcrest\hamcrest-core\1.3\hamcrest-core-1.3.jar;C:\mavenuniville\apache-maven-3.6.1\repo\org\hamcrest\hamcrest-library\1.3\hamcrest-library-1.3.jar;C:\mavenuniville\apache-maven-3.6.1\repo\org\skyscreamer\jsonassert\1.5.0\jsonassert-1.5.0.jar;C:\mavenuniville\apache-maven-3.6.1\repo\com\vaadin\external\google\android-json\0.0.20131108.vaadin1\android-json-0.0.20131108.vaadin1.jar;C:\mavenuniville\apache-maven-3.6.1\repo\org\springframework\spring-core\5.1.6.RELEASE\spring-core-5.1.6.RELEASE.jar;C:\mavenuniville\apache-maven-3.6.1\repo\org\springframework\spring-jcl\5.1.6.RELEASE\spring-jcl-5.1.6.RELEASE.jar;C:\mavenuniville\apache-maven-3.6.1\repo\org\springframework\spring-test\5.1.6.RELEASE\spring-test-5.1.6.RELEASE.jar;C:\mavenuniville\apache-maven-3.6.1\repo\org\xmlunit\xmlunit-core\2.6.2\xmlunit-core-2.6.2.jar;C:\mavenuniville\apache-maven-3.6.1\repo\org\webjars\bootstrap\4.0.0\bootstrap-4.0.0.jar;C:\mavenuniville\apache-maven-3.6.1\repo\org\webjars\npm\popper.js\1.11.1\popper.js-1.11.1.jar;C:\mavenuniville\apache-maven-3.6.1\repo\org\webjars\jquery\3.0.0\jquery-3.0.0.jar;C:\mavenuniville\apache-maven-3.6.1\repo\org\webjars\bower\bootbox.js\4.4.0\bootbox.js-4.4.0.jar;C:\mavenuniville\apache-maven-3.6.1\repo\org\webjars\bower\bootstrap\4.3.1\bootstrap-4.3.1.jar;C:\mavenuniville\apache-maven-3.6.1\repo\org\webjars\font-awesome\5.9.0\font-awesome-5.9.0.jar;C:\mavenuniville\apache-maven-3.6.1\repo\org\webjars\momentjs\2.24.0\momentjs-2.24.0.jar;C:\mavenuniville\apache-maven-3.6.1\repo\org\webjars\jquery-maskedinput\1.3.1\jquery-maskedinput-1.3.1.jar;C:\mavenuniville\apache-maven-3.6.1\repo\io\springfox\springfox-swagger2\2.9.2\springfox-swagger2-2.9.2.jar;C:\mavenuniville\apache-maven-3.6.1\repo\io\swagger\swagger-annotations\1.5.20\swagger-annotations-1.5.20.jar;C:\mavenuniville\apache-maven-3.6.1\repo\io\swagger\swagger-models\1.5.20\swagger-models-1.5.20.jar;C:\mavenuniville\apache-maven-3.6.1\repo\io\springfox\springfox-spi\2.9.2\springfox-spi-2.9.2.jar;C:\mavenuniville\apache-maven-3.6.1\repo\io\springfox\springfox-schema\2.9.2\springfox-schema-2.9.2.jar;C:\mavenuniville\apache-maven-3.6.1\repo\io\springfox\springfox-core\2.9.2\springfox-core-2.9.2.jar;C:\mavenuniville\apache-maven-3.6.1\repo\io\springfox\springfox-swagger-common\2.9.2\springfox-swagger-common-2.9.2.jar;C:\mavenuniville\apache-maven-3.6.1\repo\io\springfox\springfox-spring-web\2.9.2\springfox-spring-web-2.9.2.jar;C:\mavenuniville\apache-maven-3.6.1\repo\com\google\guava\guava\20.0\guava-20.0.jar;C:\mavenuniville\apache-maven-3.6.1\repo\com\fasterxml\classmate\1.4.0\classmate-1.4.0.jar;C:\mavenuniville\apache-maven-3.6.1\repo\org\slf4j\slf4j-api\1.7.26\slf4j-api-1.7.26.jar;C:\mavenuniville\apache-maven-3.6.1\repo\org\springframework\plugin\spring-plugin-core\1.2.0.RELEASE\spring-plugin-core-1.2.0.RELEASE.jar;C:\mavenuniville\apache-maven-3.6.1\repo\org\springframework\plugin\spring-plugin-metadata\1.2.0.RELEASE\spring-plugin-metadata-1.2.0.RELEASE.jar;C:\mavenuniville\apache-maven-3.6.1\repo\org\mapstruct\mapstruct\1.2.0.Final\mapstruct-1.2.0.Final.jar;C:\mavenuniville\apache-maven-3.6.1\repo\io\springfox\springfox-swagger-ui\2.9.2\springfox-swagger-ui-2.9.2.jar;"/>
    <property name="sun.cpu.endian" value="little"/>
    <property name="user.home" value="C:\Users\luiza.liebl"/>
    <property name="user.language" value="pt"/>
    <property name="java.specification.vendor" value="Oracle Corporation"/>
    <property name="java.version.date" value="2019-01-15"/>
    <property name="java.home" value="C:\dev\jdk-11.0.2"/>
    <property name="file.separator" value="\"/>
    <property name="style.color" value="always"/>
    <property name="basedir" value="C:\Users\luiza.liebl\Downloads\Locadora-20190729T215505Z-001\Locadora"/>
    <property name="java.vm.compressedOopsMode" value="Zero based"/>
    <property name="line.separator" value="&#10;"/>
    <property name="java.specification.name" value="Java Platform API Specification"/>
    <property name="java.vm.specification.vendor" value="Oracle Corporation"/>
    <property name="java.awt.graphicsenv" value="sun.awt.Win32GraphicsEnvironment"/>
    <property name="surefire.real.class.path" value="C:\Users\LUIZA~1.LIE\AppData\Local\Temp\surefire9381388908708464597\surefirebooter13347436518040996310.jar"/>
    <property name="user.script" value=""/>
    <property name="sun.management.compiler" value="HotSpot 64-Bit Tiered Compilers"/>
    <property name="java.runtime.version" value="11.0.2+9"/>
    <property name="user.name" value="Luiza.Liebl"/>
    <property name="path.separator" value=";"/>
    <property name="os.version" value="10.0"/>
    <property name="java.runtime.name" value="OpenJDK Runtime Environment"/>
    <property name="file.encoding" value="Cp1252"/>
    <property name="java.vm.name" value="OpenJDK 64-Bit Server VM"/>
    <property name="java.vendor.version" value="18.9"/>
    <property name="localRepository" value="C:\mavenuniville\apache-maven-3.6.1\repo"/>
    <property name="java.vendor.url.bug" value="http://bugreport.java.com/bugreport/"/>
    <property name="java.io.tmpdir" value="C:\Users\LUIZA~1.LIE\AppData\Local\Temp\"/>
    <property name="java.version" value="11.0.2"/>
    <property name="user.dir" value="C:\Users\luiza.liebl\Downloads\Locadora-20190729T215505Z-001\Locadora"/>
    <property name="os.arch" value="amd64"/>
    <property name="java.vm.specification.name" value="Java Virtual Machine Specification"/>
    <property name="java.awt.printerjob" value="sun.awt.windows.WPrinterJob"/>
    <property name="sun.os.patch.level" value=""/>
    <property name="java.library.path" value="C:\dev\jdk-11.0.2\bin;C:\Windows\Sun\Java\bin;C:\Windows\system32;C:\Windows;C:/dev/jdk-11.0.2/bin/server;C:/dev/jdk-11.0.2/bin;C:\ProgramData\DockerDesktop\version-bin;C:\Program Files\Docker\Docker\Resources\bin;C:\OracleClient\product\12.1.0\client_1;C:\Windows\system32;C:\Windows;C:\Windows\System32\Wbem;C:\Windows\System32\WindowsPowerShell\v1.0\;C:\Windows\System32\OpenSSH\;C:\dev\jdk-11.0.2\bin;C:\dev\apache-maven-3.6.1\bin;C:\Program Files\nodejs\;C:\Program Files\Microsoft SQL Server\Client SDK\ODBC\110\Tools\Binn\;C:\Program Files (x86)\Microsoft SQL Server\120\Tools\Binn\;C:\Program Files\Microsoft SQL Server\120\Tools\Binn\;C:\Program Files\Microsoft SQL Server\120\DTS\Binn\;C:\Program Files (x86)\Microsoft SQL Server\120\Tools\Binn\ManagementStudio\;C:\Program Files (x86)\Microsoft SQL Server\120\DTS\Binn\;C:\Program Files\PuTTY\;C:\Users\luiza.liebl\AppData\Local\Microsoft\WindowsApps;C:\Users\luiza.liebl\AppData\Roaming\npm;C:\Users\luiza.liebl\AppData\Local\Programs\Microsoft VS Code\bin;C:\sts-4.3.1.RELEASE;;."/>
    <property name="java.vendor" value="Oracle Corporation"/>
    <property name="java.vm.info" value="mixed mode"/>
    <property name="java.vm.version" value="11.0.2+9"/>
    <property name="sun.io.unicode.encoding" value="UnicodeLittle"/>
    <property name="java.class.version" value="55.0"/>
  </properties>
  <testcase name="contextLoads" classname="com.univille.luiza.LocadoraApplicationTests" time="0.117"/>
</testsuite>